# HVE TRACE v1
# Types: K t key action mods | M t button action mods | D t dx dy | S t scrollY
# Gameplay: SEL t id | BRK t x y z oldId | PLC t x y z newId | CAM t px py pz yaw pitch
CAM 0.322516 16.000000 110.000000 64.000000 -135.000000 -35.000000
CAM 0.359618 16.500000 59.000000 98.000000 -90.000000 -30.837833
CAM 0.397205 16.500000 59.000000 98.000000 -90.000000 -30.837833
CAM 0.447091 16.500000 59.000000 98.000000 -90.000000 -30.837833
CAM 0.488833 16.500000 59.000000 98.000000 -90.000000 -30.837833
CAM 0.530735 16.500000 59.000000 98.000000 -90.000000 -30.837833
CAM 0.564243 16.500000 59.000000 98.000000 -90.000000 -30.837833
CAM 0.598151 16.500000 59.000000 98.000000 -90.000000 -30.837833
CAM 0.757323 16.500000 59.000000 98.000000 -90.000000 -30.837833
CAM 0.798658 16.500000 59.000000 98.000000 -90.000000 -30.837833
CAM 0.857317 16.500000 59.000000 98.000000 -90.000000 -30.837833
CAM 0.924396 16.500000 59.000000 98.000000 -90.000000 -30.837833
CAM 0.959557 16.500000 59.000000 98.000000 -90.000000 -30.837833
CAM 0.994027 16.500000 59.000000 98.000000 -90.000000 -30.837833
CAM 1.029754 16.500000 59.000000 98.000000 -90.000000 -30.837833
CAM 1.094156 16.500000 59.000000 98.000000 -90.000000 -30.837833
CAM 1.143857 16.500000 59.000000 98.000000 -90.000000 -30.837833
CAM 1.181666 16.500000 59.000000 98.000000 -90.000000 -30.837833
CAM 1.224860 16.500000 59.000000 98.000000 -90.000000 -30.837833
CAM 1.277564 16.500000 59.000000 98.000000 -90.000000 -30.837833
CAM 1.313819 16.500000 59.000000 98.000000 -90.000000 -30.837833
CAM 1.348741 16.500000 59.000000 98.000000 -90.000000 -30.837833
CAM 1.386383 16.500000 59.000000 98.000000 -90.000000 -30.837833
CAM 1.444428 16.500000 59.000000 98.000000 -90.000000 -30.837833
CAM 1.477933 16.500000 59.000000 98.000000 -90.000000 -30.837833
CAM 1.515360 16.500000 59.000000 98.000000 -90.000000 -30.837833
CAM 1.573548 16.500000 59.000000 98.000000 -90.000000 -30.837833
CAM 1.606991 16.500000 59.000000 98.000000 -90.000000 -30.837833
CAM 1.644567 16.500000 59.000000 98.000000 -90.000000 -30.837833
CAM 1.680165 16.500000 59.000000 98.000000 -90.000000 -30.837833
CAM 1.713831 16.500000 59.000000 98.000000 -90.000000 -30.837833
CAM 1.770733 16.500000 59.000000 98.000000 -90.000000 -30.837833
CAM 1.806615 16.500000 59.000000 98.000000 -90.000000 -30.837833
CAM 1.840814 16.500000 59.000000 98.000000 -90.000000 -30.837833
CAM 1.901133 16.500000 59.000000 98.000000 -90.000000 -30.837833
CAM 1.934740 16.500000 59.000000 98.000000 -90.000000 -30.837833
CAM 1.971571 16.500000 59.000000 98.000000 -90.000000 -30.837833
CAM 2.006267 16.500000 59.000000 98.000000 -90.000000 -30.837833
CAM 2.065072 16.500000 59.000000 98.000000 -90.000000 -30.837833
CAM 2.104800 16.500000 59.000000 98.000000 -90.000000 -30.837833
CAM 2.174681 16.500000 59.000000 98.000000 -90.000000 -30.837833
CAM 2.208778 16.500000 59.000000 98.000000 -90.000000 -30.837833
CAM 2.263369 16.500000 59.000000 98.000000 -90.000000 -30.837833
CAM 2.301458 16.500000 59.000000 98.000000 -90.000000 -30.837833
CAM 2.360559 16.500000 59.000000 98.000000 -90.000000 -30.837833
CAM 2.398366 16.500000 59.000000 98.000000 -90.000000 -30.837833
CAM 2.456843 16.500000 59.000000 98.000000 -90.000000 -30.837833
CAM 2.495247 16.500000 59.000000 98.000000 -90.000000 -30.837833
CAM 2.531925 16.500000 59.000000 98.000000 -90.000000 -30.837833
D 2.585869 0.000000 0.000000
CAM 2.589142 16.500000 59.000000 98.000000 -90.000000 -30.837833
D 2.595994 -2.000000 2.000000
D 2.618823 -6.000000 3.000000
D 2.628174 -3.000000 1.000000
CAM 2.631143 16.500000 59.000000 98.000000 -91.099998 -30.237833
D 2.651270 -6.000000 2.000000
D 2.661918 0.000000 1.000000
CAM 2.665273 16.500000 59.000000 98.000000 -91.699997 -29.937832
D 2.699538 -1.000000 1.000000
CAM 2.702682 16.500000 59.000000 98.000000 -91.799995 -29.837831
D 2.716249 -1.000000 1.000000
D 2.733038 -2.000000 3.000000
CAM 2.736810 16.500000 59.000000 98.000000 -92.099991 -29.437832
D 2.752798 -3.000000 4.000000
D 2.755306 -1.000000 0.000000
D 2.755581 0.000000 1.000000
D 2.768807 -2.000000 3.000000
D 2.773648 0.000000 1.000000
CAM 2.780509 16.500000 59.000000 98.000000 -92.699989 -28.537832
D 2.786847 -1.000000 1.000000
D 2.800134 -2.000000 3.000000
D 2.820111 -3.000000 4.000000
CAM 2.823296 16.500000 59.000000 98.000000 -93.299988 -27.737833
D 2.833432 -1.000000 3.000000
D 2.847269 -1.000000 1.000000
D 2.852950 0.000000 1.000000
D 2.866920 -1.000000 0.000000
CAM 2.870034 16.500000 59.000000 98.000000 -93.599983 -27.237833
D 2.900051 0.000000 1.000000
D 2.912917 0.000000 1.000000
CAM 2.916145 16.500000 59.000000 98.000000 -93.599983 -27.037832
D 2.918994 0.000000 1.000000
D 2.934229 1.000000 2.000000
D 2.949981 1.000000 2.000000
D 2.950047 0.000000 1.000000
CAM 2.953420 16.500000 59.000000 98.000000 -93.399986 -26.437832
D 2.953671 1.000000 0.000000
D 2.968192 1.000000 3.000000
D 2.979374 0.000000 2.000000
D 3.000692 0.000000 6.000000
CAM 3.003871 16.500000 59.000000 98.000000 -93.199989 -25.337831
D 3.017783 0.000000 5.000000
D 3.017906 1.000000 1.000000
D 3.034665 1.000000 6.000000
D 3.034827 0.000000 1.000000
CAM 3.039099 16.500000 59.000000 98.000000 -92.999992 -24.037830
D 3.045123 2.000000 4.000000
D 3.066851 2.000000 7.000000
D 3.079340 1.000000 4.000000
CAM 3.082598 16.500000 59.000000 98.000000 -92.500000 -22.537830
D 3.082765 0.000000 1.000000
D 3.099607 1.000000 6.000000
D 3.111001 1.000000 3.000000
D 3.132407 1.000000 6.000000
CAM 3.135893 16.500000 59.000000 98.000000 -92.200005 -20.937830
D 3.144064 1.000000 4.000000
D 3.164819 2.000000 5.000000
D 3.176542 0.000000 3.000000
CAM 3.179730 16.500000 59.000000 98.000000 -91.900009 -19.737831
D 3.192242 0.000000 2.000000
D 3.198940 1.000000 0.000000
D 3.199003 0.000000 1.000000
D 3.208905 0.000000 1.000000
CAM 3.233758 16.500000 59.000000 98.000000 -91.800011 -19.337830
CAM 3.267393 16.500000 59.000000 98.000000 -91.800011 -19.337830
CAM 3.310358 16.500000 59.000000 98.000000 -91.800011 -19.337830
CAM 3.347246 16.500000 59.000000 98.000000 -91.800011 -19.337830
CAM 3.401415 16.500000 59.000000 98.000000 -91.800011 -19.337830
CAM 3.439804 16.500000 59.000000 98.000000 -91.800011 -19.337830
CAM 3.477988 16.500000 59.000000 98.000000 -91.800011 -19.337830
CAM 3.536452 16.500000 59.000000 98.000000 -91.800011 -19.337830
CAM 3.570108 16.500000 59.000000 98.000000 -91.800011 -19.337830
D 3.578870 0.000000 3.000000
D 3.584665 -2.000000 2.000000
D 3.595833 -1.000000 1.000000
D 3.607707 0.000000 1.000000
D 3.616962 -1.000000 2.000000
D 3.631788 -1.000000 1.000000
D 3.642816 0.000000 1.000000
CAM 3.652214 16.500000 59.000000 98.000000 -92.300011 -18.237829
D 3.660792 -6.000000 12.000000
D 3.673540 -1.000000 1.000000
D 3.681830 -1.000000 1.000000
D 3.688023 -1.000000 1.000000
D 3.696807 -1.000000 0.000000
D 3.704355 -1.000000 1.000000
D 3.709842 -2.000000 0.000000
D 3.715792 -1.000000 1.000000
D 3.720760 -2.000000 0.000000
D 3.725662 -1.000000 1.000000
D 3.729757 -2.000000 0.000000
D 3.734995 -2.000000 1.000000
D 3.738911 -2.000000 1.000000
D 3.750680 -2.000000 0.000000
D 3.754825 -6.000000 2.000000
D 3.758125 -2.000000 0.000000
D 3.760747 -2.000000 1.000000
D 3.763794 -2.000000 0.000000
D 3.766651 -2.000000 1.000000
D 3.769710 -1.000000 0.000000
D 3.774687 -2.000000 0.000000
D 3.775004 -3.000000 2.000000
D 3.775077 -1.000000 0.000000
CAM 3.778487 16.500000 59.000000 98.000000 -96.900009 -15.637829
D 3.778866 -2.000000 0.000000
D 3.778922 -1.000000 0.000000
D 3.781926 -2.000000 1.000000
D 3.804415 -19.000000 5.000000
D 3.831193 -33.000000 7.000000
CAM 3.834685 16.500000 59.000000 98.000000 -102.600014 -14.337829
D 3.836054 -8.000000 1.000000
D 3.840943 -4.000000 2.000000
D 3.841035 -4.000000 1.000000
D 3.868656 -38.000000 7.000000
D 3.869857 -6.000000 1.000000
D 3.869917 -3.000000 1.000000
CAM 3.873068 16.500000 59.000000 98.000000 -108.900017 -13.037828
D 3.873221 -4.000000 0.000000
D 3.900687 -43.000000 6.000000
D 3.903763 -4.000000 0.000000
D 3.903857 -7.000000 1.000000
CAM 3.907439 16.500000 59.000000 98.000000 -114.700020 -12.337829
D 3.907731 -7.000000 1.000000
D 3.929965 -39.000000 3.000000
D 3.936816 -9.000000 1.000000
D 3.936887 -1.000000 0.000000
D 3.961827 -27.000000 2.000000
CAM 3.965261 16.500000 59.000000 98.000000 -123.000015 -11.637828
D 3.971132 -7.000000 0.000000
D 3.998817 -10.000000 2.000000
D 4.000054 -1.000000 0.000000
CAM 4.003428 16.500000 59.000000 98.000000 -124.800011 -11.437828
D 4.003598 -1.000000 0.000000
CAM 4.040940 16.500000 59.000000 98.000000 -124.900009 -11.437828
D 4.071069 0.000000 -1.000000
D 4.096969 5.000000 -4.000000
D 4.100017 2.000000 -1.000000
D 4.100083 1.000000 -1.000000
CAM 4.103128 16.500000 59.000000 98.000000 -124.100006 -12.137829
D 4.107779 2.000000 0.000000
D 4.108789 2.000000 -2.000000
CAM 4.139898 16.500000 59.000000 98.000000 -123.700005 -12.337829
CAM 4.192457 16.500000 59.000000 98.000000 -123.700005 -12.337829
CAM 4.240146 16.500000 59.000000 98.000000 -123.700005 -12.337829
CAM 4.273632 16.500000 59.000000 98.000000 -123.700005 -12.337829
CAM 4.321976 16.500000 59.000000 98.000000 -123.700005 -12.337829
CAM 4.374184 16.500000 59.000000 98.000000 -123.700005 -12.337829
CAM 4.407920 16.500000 59.000000 98.000000 -123.700005 -12.337829
CAM 4.454093 16.500000 59.000000 98.000000 -123.700005 -12.337829
CAM 4.508911 16.500000 59.000000 98.000000 -123.700005 -12.337829
CAM 4.551109 16.500000 59.000000 98.000000 -123.700005 -12.337829
CAM 4.610130 16.500000 59.000000 98.000000 -123.700005 -12.337829
CAM 4.643660 16.500000 59.000000 98.000000 -123.700005 -12.337829
D 4.646411 0.000000 1.000000
D 4.673473 0.000000 1.000000
D 4.679474 0.000000 1.000000
CAM 4.682770 16.500000 59.000000 98.000000 -123.700005 -12.037827
D 4.706687 -2.000000 1.000000
D 4.720891 -1.000000 1.000000
CAM 4.723903 16.500000 59.000000 98.000000 -124.000000 -11.837827
D 4.739864 -2.000000 0.000000
D 4.739950 -1.000000 0.000000
D 4.750903 0.000000 1.000000
D 4.755822 -1.000000 1.000000
D 4.755900 -1.000000 0.000000
CAM 4.759250 16.500000 59.000000 98.000000 -124.500000 -11.637827
D 4.759509 -1.000000 0.000000
D 4.772713 -3.000000 2.000000
D 4.789236 -7.000000 2.000000
CAM 4.793544 16.500000 59.000000 98.000000 -125.599998 -11.237827
D 4.809717 -10.000000 3.000000
D 4.812738 -1.000000 1.000000
D 4.816762 -3.000000 1.000000
D 4.816897 -3.000000 1.000000
D 4.820626 -3.000000 1.000000
D 4.823895 -2.000000 0.000000
D 4.850111 -18.000000 4.000000
D 4.850197 -2.000000 1.000000
CAM 4.853788 16.500000 59.000000 98.000000 -129.799988 -10.037827
D 4.853961 -3.000000 1.000000
D 4.873490 -16.000000 3.000000
D 4.880091 -8.000000 1.000000
D 4.884424 -3.000000 1.000000
CAM 4.887468 16.500000 59.000000 98.000000 -132.800003 -9.437825
D 4.906382 -26.000000 4.000000
D 4.913408 -10.000000 1.000000
D 4.917462 -5.000000 1.000000
D 4.959492 -40.000000 5.000000
D 4.959569 -20.000000 2.000000
CAM 4.963151 16.500000 59.000000 98.000000 -142.900009 -8.137825
D 4.972944 -18.000000 2.000000
D 4.981204 -13.000000 0.000000
D 4.985246 -5.000000 1.000000
D 5.006405 -32.000000 2.000000
CAM 5.009952 16.500000 59.000000 98.000000 -149.700012 -7.637825
D 5.013587 -11.000000 1.000000
D 5.019862 -9.000000 0.000000
D 5.022131 -2.000000 0.000000
D 5.023610 -2.000000 0.000000
D 5.024676 -4.000000 0.000000
D 5.025838 -1.000000 0.000000
D 5.036965 -3.000000 0.000000
D 5.037259 -19.000000 0.000000
D 5.044064 -5.000000 0.000000
D 5.045869 -5.000000 0.000000
D 5.048790 -2.000000 0.000000
D 5.051886 -5.000000 0.000000
D 5.054818 -4.000000 0.000000
D 5.057886 -4.000000 1.000000
D 5.064782 -6.000000 0.000000
D 5.067824 -9.000000 0.000000
D 5.071714 -6.000000 0.000000
D 5.090835 -3.000000 0.000000
D 5.093814 -26.000000 0.000000
D 5.096747 -7.000000 0.000000
D 5.099822 -1.000000 0.000000
D 5.101869 -6.000000 0.000000
K 5.107914 68 1 0
D 5.112692 -2.000000 0.000000
D 5.114734 -14.000000 0.000000
D 5.121740 -9.000000 0.000000
D 5.127822 -6.000000 0.000000
D 5.133954 -6.000000 0.000000
D 5.136797 -4.000000 0.000000
D 5.139814 -3.000000 0.000000
D 5.142872 -4.000000 0.000000
D 5.146006 -3.000000 0.000000
D 5.149705 -3.000000 0.000000
D 5.151793 -3.000000 0.000000
D 5.154780 -3.000000 0.000000
D 5.158878 -4.000000 0.000000
D 5.162610 -3.000000 0.000000
D 5.165071 -3.000000 0.000000
D 5.167891 -3.000000 0.000000
D 5.169857 -2.000000 0.000000
D 5.169922 -2.000000 0.000000
CAM 5.177980 17.521870 59.000000 95.828415 -171.400024 -7.437826
D 5.178317 -7.000000 0.000000
D 5.183217 -4.000000 0.000000
D 5.207949 -19.000000 0.000000
CAM 5.211733 17.705008 59.000000 95.258575 -174.400009 -7.437826
D 5.216372 -5.000000 0.000000
D 5.239906 -13.000000 0.000000
D 5.247140 -4.000000 0.000000
CAM 5.250837 17.881926 59.000000 94.484390 -176.600006 -7.437826
D 5.282245 -9.000000 0.000000
CAM 5.289533 18.041716 59.000000 93.503181 -177.500000 -7.437826
D 5.354235 5.000000 -1.000000
CAM 5.362698 18.372507 59.000000 90.447845 -177.000000 -7.537826
CAM 5.403223 18.476440 59.000000 89.345314 -177.000000 -7.537826
CAM 5.445009 18.575989 59.000000 88.128166 -177.000000 -7.537826
CAM 5.491456 18.683987 59.000000 86.643410 -177.000000 -7.537826
CAM 5.528243 18.767946 59.000000 85.398056 -177.000000 -7.537826
CAM 5.579100 18.881296 59.000000 83.603447 -177.000000 -7.537826
CAM 5.612463 18.957485 59.000000 82.340157 -177.000000 -7.537826
K 5.631449 68 2 0
K 5.675007 68 2 0
K 5.683132 68 2 0
CAM 5.687330 19.140171 59.000000 79.173508 -177.000000 -7.537826
D 5.687642 -3.000000 0.000000
D 5.691047 -2.000000 0.000000
D 5.710215 -12.000000 1.000000
K 5.710390 68 2 0
D 5.710450 -5.000000 0.000000
D 5.737867 -27.000000 2.000000
K 5.738002 68 2 0
D 5.738313 -2.000000 0.000000
CAM 5.741568 19.246119 59.000000 77.122040 -182.099991 -7.237826
D 5.741944 -4.000000 0.000000
D 5.776970 -25.000000 0.000000
K 5.777137 68 2 0
D 5.777200 -10.000000 0.000000
CAM 5.781702 19.292040 59.000000 75.523392 -185.999985 -7.237826
D 5.799474 -24.000000 3.000000
D 5.814940 -2.000000 0.000000
K 5.818388 68 2 0
D 5.832445 -22.000000 1.000000
D 5.833681 -27.000000 3.000000
D 5.838912 -9.000000 1.000000
D 5.838973 -4.000000 0.000000
CAM 5.842867 19.256474 59.000000 73.041367 -194.799973 -6.437826
D 5.843057 -7.000000 0.000000
D 5.846606 -5.000000 1.000000
D 5.874233 -2.000000 0.000000
K 5.874435 68 2 0
D 5.874501 -47.000000 2.000000
CAM 5.878809 19.159473 59.000000 71.691940 -200.899963 -6.137826
D 5.901728 -6.000000 0.000000
K 5.902119 68 2 0
D 5.913845 -38.000000 0.000000
K 5.915379 68 2 0
D 5.917748 -19.000000 1.000000
D 5.919961 -6.000000 1.000000
D 5.923102 -5.000000 0.000000
D 5.925028 -2.000000 0.000000
D 5.926602 -3.000000 0.000000
D 5.927894 -2.000000 0.000000
D 5.929483 -2.000000 1.000000
D 5.930915 -1.000000 0.000000
D 5.934764 -3.000000 0.000000
D 5.938735 -4.000000 0.000000
D 5.941049 -7.000000 1.000000
D 5.943928 -4.000000 0.000000
K 5.948900 68 2 0
D 5.954718 -2.000000 0.000000
D 5.957826 -15.000000 1.000000
D 5.965698 -7.000000 1.000000
D 5.968803 -5.000000 0.000000
D 5.971809 -5.000000 0.000000
D 5.974710 -4.000000 1.000000
K 5.979175 68 2 0
D 5.984854 -3.000000 0.000000
D 5.991786 -14.000000 1.000000
D 5.998754 -11.000000 0.000000
D 6.001800 -5.000000 0.000000
D 6.004478 -5.000000 0.000000
D 6.007729 -1.000000 0.000000
K 6.011836 68 2 0
D 6.017749 -6.000000 1.000000
D 6.019729 -12.000000 0.000000
D 6.035134 -6.000000 0.000000
D 6.037171 -14.000000 1.000000
K 6.039823 68 2 0
D 6.040233 -8.000000 0.000000
CAM 6.043865 18.044018 59.000000 66.219154 -223.399963 -5.137826
D 6.044028 -4.000000 0.000000
D 6.047470 -5.000000 0.000000
D 6.060284 -17.000000 0.000000
D 6.069000 -8.000000 1.000000
K 6.069187 68 2 0
D 6.069270 -2.000000 0.000000
D 6.073456 -5.000000 0.000000
D 6.077848 -5.000000 0.000000
CAM 6.081269 17.753765 59.000000 65.327057 -227.999954 -5.037826
D 6.094334 -19.000000 0.000000
D 6.103798 -5.000000 0.000000
K 6.104270 68 2 0
D 6.104353 -5.000000 0.000000
D 6.110525 -7.000000 0.000000
D 6.128064 -16.000000 2.000000
CAM 6.131553 17.066860 59.000000 64.059074 -233.199951 -4.837826
D 6.137708 -2.000000 0.000000
K 6.137980 68 2 0
D 6.138075 -7.000000 0.000000
D 6.175083 -24.000000 2.000000
K 6.175213 68 2 0
D 6.177744 -11.000000 1.000000
D 6.177841 -2.000000 0.000000
D 6.177905 -1.000000 0.000000
CAM 6.181629 15.993928 59.000000 62.677090 -237.899948 -4.537826
D 6.195375 -13.000000 2.000000
D 6.205082 -6.000000 1.000000
D 6.207800 -1.000000 0.000000
D 6.210749 -2.000000 0.000000
K 6.210940 68 2 0
D 6.211028 -2.000000 1.000000
CAM 6.215062 15.269568 59.000000 61.878742 -240.299957 -4.137826
D 6.228243 -8.000000 1.000000
D 6.236265 -3.000000 0.000000
D 6.261889 -2.000000 1.000000
K 6.262015 68 2 0
D 6.262073 -2.000000 0.000000
CAM 6.266322 13.980076 59.000000 60.693348 -241.799957 -3.937827
K 6.292950 68 2 0
D 6.298101 5.000000 0.000000
CAM 6.303448 12.920928 59.000000 59.849510 -241.299957 -3.937827
K 6.326067 68 2 0
CAM 6.337801 11.943962 59.000000 59.126240 -241.299957 -3.937827
K 6.359721 68 2 0
K 6.392329 68 2 0
CAM 6.395892 10.118664 59.000000 57.882954 -241.299957 -3.937827
K 6.401507 68 2 0
K 6.446072 68 2 0
CAM 6.450587 8.400665 59.000000 56.786671 -241.299957 -3.937827
K 6.465674 68 2 0
CAM 6.496178 6.937981 59.000000 55.892014 -241.299957 -3.937827
K 6.497669 68 2 0
K 6.527038 68 2 0
CAM 6.530741 5.790711 59.000000 55.208538 -241.299957 -3.937827
D 6.568664 2.000000 1.000000
CAM 6.574694 4.300835 59.000000 54.338470 -241.099960 -3.837827
D 6.576261 0.000000 1.000000
